TN:
SF:app.js
FNF:0
FNH:0
DA:1,1
DA:2,1
DA:3,1
DA:4,1
DA:5,1
DA:6,1
DA:7,1
DA:8,1
DA:9,1
DA:10,1
DA:11,1
DA:12,1
DA:13,1
DA:14,16
DA:15,16
DA:16,16
DA:17,16
DA:18,16
DA:19,16
DA:20,1
DA:21,1
DA:22,1
DA:23,1
DA:24,1
DA:25,1
DA:26,1
DA:27,1
DA:28,1
DA:29,1
DA:30,1
DA:31,1
DA:32,1
DA:33,1
DA:34,1
DA:35,1
DA:36,1
DA:37,1
DA:38,1
DA:39,1
DA:40,1
DA:41,1
DA:42,1
DA:43,1
LF:43
LH:43
BRDA:13,0,0,16
BRDA:23,1,0,1
BRF:2
BRH:2
end_of_record
TN:
SF:DB\db.js
FN:1,<instance_members_initializer>
FN:2,sqliteDatabase
FN:17,getSqliteDatabaseConnection
FNF:3
FNH:3
FNDA:2,<instance_members_initializer>
FNDA:2,sqliteDatabase
FNDA:4,getSqliteDatabaseConnection
DA:1,2
DA:2,2
DA:3,2
DA:4,2
DA:5,2
DA:6,2
DA:7,2
DA:8,2
DA:9,2
DA:10,2
DA:11,2
DA:12,2
DA:13,2
DA:14,2
DA:15,2
DA:16,2
DA:17,2
DA:18,4
DA:19,2
DA:20,2
DA:21,1
DA:22,1
DA:23,1
DA:24,1
LF:24
LH:24
BRDA:1,0,0,2
BRDA:2,1,0,2
BRDA:17,2,0,4
BRF:3
BRH:3
end_of_record
TN:
SF:Routes\ProductRoutes.js
FNF:0
FNH:0
DA:1,1
DA:2,1
DA:3,1
DA:4,1
DA:5,1
DA:6,1
DA:7,1
DA:8,1
DA:9,1
DA:10,1
DA:11,1
DA:12,1
DA:13,1
DA:14,1
DA:15,1
DA:16,1
DA:17,1
DA:18,1
DA:19,1
DA:20,1
DA:21,1
DA:22,1
DA:23,1
DA:24,1
DA:25,1
DA:26,20
DA:27,20
DA:28,20
DA:29,20
DA:30,20
DA:31,20
DA:32,20
DA:33,20
DA:34,20
DA:35,20
DA:36,17
DA:37,20
DA:38,3
DA:39,3
DA:40,3
DA:41,3
DA:42,3
DA:43,3
DA:44,3
DA:45,20
DA:46,20
DA:47,20
DA:48,20
DA:49,20
DA:50,20
DA:51,20
DA:52,20
DA:53,20
DA:54,20
DA:55,20
DA:56,20
DA:57,20
DA:58,20
DA:59,1
DA:60,1
DA:61,1
DA:62,1
DA:63,0
DA:64,0
DA:65,0
DA:66,1
DA:67,1
DA:68,1
DA:69,1
DA:70,1
DA:71,1
DA:72,1
DA:73,1
DA:74,1
DA:75,1
DA:76,1
DA:77,1
DA:78,1
DA:79,1
DA:80,1
DA:81,1
DA:82,1
DA:83,0
DA:84,0
DA:85,0
DA:86,1
DA:87,1
DA:88,1
DA:89,1
DA:90,1
DA:91,1
DA:92,1
DA:93,1
DA:94,1
DA:95,1
DA:96,1
DA:97,1
DA:98,1
DA:99,1
DA:100,1
DA:101,1
DA:102,1
DA:103,1
DA:104,1
DA:105,1
DA:106,1
DA:107,1
DA:108,1
DA:109,1
DA:110,0
DA:111,0
DA:112,0
DA:113,1
DA:114,1
DA:115,1
DA:116,2
DA:117,2
DA:118,2
DA:119,2
DA:120,2
DA:121,2
DA:122,2
DA:123,2
DA:124,2
DA:125,2
DA:126,2
DA:127,2
DA:128,2
DA:129,2
DA:130,2
DA:131,2
DA:132,2
DA:133,2
DA:134,2
DA:135,1
DA:136,1
DA:137,1
DA:138,1
DA:139,1
DA:140,1
DA:141,1
DA:142,1
DA:143,1
DA:144,1
DA:145,1
DA:146,1
DA:147,1
DA:148,1
DA:149,1
DA:150,1
DA:151,1
DA:152,1
DA:153,1
DA:154,1
DA:155,1
DA:156,1
DA:157,1
DA:158,1
DA:159,0
DA:160,0
DA:161,1
DA:162,1
DA:163,1
DA:164,1
DA:165,1
DA:166,0
DA:167,0
DA:168,0
DA:169,1
DA:170,1
DA:171,1
LF:171
LH:157
BRDA:20,0,0,1
BRDA:25,1,0,20
BRDA:35,2,0,17
BRDA:37,3,0,3
BRDA:62,4,0,0
BRDA:68,5,0,1
BRDA:82,6,0,0
BRDA:88,7,0,1
BRDA:109,8,0,0
BRDA:115,9,0,2
BRDA:117,10,0,0
BRDA:134,11,0,1
BRDA:148,12,0,1
BRDA:165,13,0,0
BRDA:157,14,0,1
BRDA:158,15,0,0
BRF:16
BRH:10
end_of_record
TN:
SF:Routes\UserRoutes.js
FNF:0
FNH:0
DA:1,1
DA:2,1
DA:3,1
DA:4,1
DA:5,1
DA:6,1
DA:7,1
DA:8,1
DA:9,1
DA:10,1
DA:11,1
DA:12,1
DA:13,1
DA:14,1
DA:15,1
DA:16,5
DA:17,5
DA:18,5
DA:19,5
DA:20,5
DA:21,5
DA:22,5
DA:23,5
DA:24,5
DA:25,5
DA:26,5
DA:27,5
DA:28,5
DA:29,5
DA:30,5
DA:31,5
DA:32,5
DA:33,5
DA:34,5
DA:35,5
DA:36,4
DA:37,5
DA:38,1
DA:39,1
DA:40,1
DA:41,1
DA:42,4
DA:43,4
DA:44,3
DA:45,3
DA:46,3
DA:47,5
DA:48,2
DA:49,2
DA:50,2
DA:51,2
DA:52,1
DA:53,1
DA:54,1
DA:55,1
DA:56,1
DA:57,1
DA:58,1
DA:59,1
DA:60,5
DA:61,0
DA:62,0
DA:63,5
DA:64,1
DA:65,1
DA:66,1
DA:67,5
DA:68,1
DA:69,1
DA:70,1
DA:71,1
DA:72,1
DA:73,1
DA:74,1
DA:75,4
DA:76,4
DA:77,4
DA:78,4
DA:79,4
DA:80,4
DA:81,4
DA:82,0
DA:83,0
DA:84,0
DA:85,4
DA:86,4
DA:87,3
DA:88,4
DA:89,2
DA:90,2
DA:91,4
DA:92,1
DA:93,1
DA:94,1
DA:95,4
DA:96,1
DA:97,1
DA:98,1
DA:99,1
DA:100,1
DA:101,1
LF:101
LH:96
BRDA:15,0,0,5
BRDA:28,1,0,4
BRDA:29,2,0,4
BRDA:30,3,0,4
BRDA:31,4,0,4
BRDA:32,5,0,4
BRDA:33,6,0,4
BRDA:34,7,0,4
BRDA:35,8,0,4
BRDA:37,9,0,1
BRDA:41,10,0,4
BRDA:43,11,0,3
BRDA:47,12,0,2
BRDA:47,13,0,2
BRDA:51,14,0,1
BRDA:60,15,0,0
BRDA:63,16,0,1
BRDA:67,17,0,1
BRDA:74,18,0,4
BRDA:81,19,0,0
BRDA:86,20,0,3
BRDA:88,21,0,2
BRDA:91,22,0,1
BRDA:95,23,0,1
BRF:24
BRH:22
end_of_record
TN:
SF:commonUtils\commonUtilityFunctions.js
FN:6,getCurrentTimeInISO
FN:10,downloadImageFromUrl
FNF:2
FNH:2
FNDA:21,getCurrentTimeInISO
FNDA:20,downloadImageFromUrl
DA:1,1
DA:2,1
DA:3,1
DA:4,1
DA:5,1
DA:6,1
DA:7,21
DA:8,21
DA:9,1
DA:10,1
DA:11,20
DA:12,20
DA:13,20
DA:14,20
DA:15,20
DA:16,20
DA:17,20
DA:18,19
DA:19,19
DA:20,19
DA:21,534
DA:22,19
DA:23,19
DA:24,19
DA:25,14
DA:26,19
DA:27,20
DA:28,20
DA:29,20
DA:30,1
DA:31,1
DA:32,1
DA:33,1
DA:34,1
LF:34
LH:34
BRDA:6,0,0,21
BRDA:10,1,0,20
BRDA:17,2,0,19
BRDA:20,3,0,534
BRDA:24,4,0,14
BRF:5
BRH:5
end_of_record
TN:
SF:commonUtils\constants.js
FNF:0
FNH:0
DA:1,1
DA:2,1
DA:3,1
DA:4,1
DA:5,1
DA:6,1
DA:7,1
DA:8,1
DA:9,1
DA:10,1
DA:11,1
DA:12,1
LF:12
LH:12
BRF:0
BRH:0
end_of_record
TN:
SF:commonUtils\logger.js
FN:2,Logger
FN:6,get loggerLength
FN:10,createLog
FN:16,createExceptionLog
FNF:4
FNH:3
FNDA:2,Logger
FNDA:0,get loggerLength
FNDA:7,createLog
FNDA:8,createExceptionLog
DA:1,1
DA:2,1
DA:3,2
DA:4,2
DA:5,1
DA:6,1
DA:7,0
DA:8,0
DA:9,1
DA:10,1
DA:11,7
DA:12,7
DA:13,7
DA:14,7
DA:15,1
DA:16,1
DA:17,8
DA:18,8
DA:19,8
DA:20,8
DA:21,1
DA:22,1
DA:23,1
DA:24,1
DA:25,1
LF:25
LH:23
BRDA:2,0,0,2
BRDA:10,1,0,7
BRDA:16,2,0,8
BRF:3
BRH:3
end_of_record
TN:
SF:commonUtils\responseInterface.js
FN:4,successAPIResponse
FN:13,failureAPIResponse
FN:22,successMessageStructure
FN:29,failureMessageStructure
FNF:4
FNH:4
FNDA:7,successAPIResponse
FNDA:8,failureAPIResponse
FNDA:7,successMessageStructure
FNDA:8,failureMessageStructure
DA:1,1
DA:2,1
DA:3,1
DA:4,1
DA:5,7
DA:6,7
DA:7,7
DA:8,0
DA:9,0
DA:10,0
DA:11,7
DA:12,1
DA:13,1
DA:14,8
DA:15,8
DA:16,8
DA:17,0
DA:18,0
DA:19,0
DA:20,8
DA:21,1
DA:22,1
DA:23,7
DA:24,7
DA:25,7
DA:26,7
DA:27,7
DA:28,1
DA:29,1
DA:30,8
DA:31,8
DA:32,8
DA:33,8
DA:34,8
DA:35,1
DA:36,1
DA:37,1
DA:38,1
DA:39,1
LF:39
LH:33
BRDA:4,0,0,7
BRDA:7,1,0,0
BRDA:13,2,0,8
BRDA:16,3,0,0
BRDA:22,4,0,7
BRDA:29,5,0,8
BRF:6
BRH:4
end_of_record
